TN:
SF:js/core/dom.js
FN:25,h
FN:41,(anonymous_1)
FNF:2
FNH:2
FNDA:29,h
FNDA:23,(anonymous_1)
DA:26,29
DA:28,29
DA:29,20
DA:30,18
DA:31,5
DA:32,13
DA:33,1
DA:34,12
DA:35,3
DA:37,9
DA:41,29
DA:42,23
DA:43,21
DA:46,29
LF:14
LH:14
BRDA:25,0,0,29
BRDA:29,1,0,2
BRDA:29,1,1,18
BRDA:30,2,0,5
BRDA:30,2,1,13
BRDA:32,3,0,1
BRDA:32,3,1,12
BRDA:34,4,0,3
BRDA:34,4,1,9
BRDA:34,5,0,12
BRDA:34,5,1,4
BRDA:42,6,0,2
BRDA:42,6,1,21
BRDA:43,7,0,5
BRDA:43,7,1,16
BRF:15
BRH:15
end_of_record
TN:
SF:js/core/http.js
FN:8,request
FN:13,(anonymous_1)
FN:23,(anonymous_2)
FN:39,(anonymous_3)
FN:40,(anonymous_4)
FN:41,(anonymous_5)
FN:42,(anonymous_6)
FN:43,(anonymous_7)
FNF:8
FNH:7
FNDA:16,request
FNDA:0,(anonymous_1)
FNDA:1,(anonymous_2)
FNDA:3,(anonymous_3)
FNDA:13,(anonymous_4)
FNDA:1,(anonymous_5)
FNDA:1,(anonymous_6)
FNDA:1,(anonymous_7)
DA:4,16
DA:5,16
DA:6,16
DA:9,16
DA:10,16
DA:12,16
DA:13,16
DA:15,16
DA:16,16
DA:23,14
DA:24,14
DA:25,4
DA:26,4
DA:27,4
DA:29,10
DA:31,6
DA:32,5
DA:34,16
DA:38,16
DA:39,3
DA:40,13
DA:41,1
DA:42,1
DA:43,1
LF:24
LH:24
BRDA:10,0,0,1
BRDA:10,0,1,15
BRDA:19,1,0,2
BRDA:19,1,1,14
BRDA:24,2,0,4
BRDA:24,2,1,10
BRDA:25,3,0,4
BRDA:25,3,1,2
BRDA:31,4,0,1
BRDA:31,4,1,5
BRF:10
BRH:10
end_of_record
TN:
SF:js/core/router.js
FN:24,_pageFromHash
FN:29,_activate
FN:30,(anonymous_2)
FN:31,(anonymous_3)
FN:52,(anonymous_4)
FN:58,(anonymous_5)
FN:68,(anonymous_6)
FN:82,(anonymous_7)
FN:83,(anonymous_8)
FNF:9
FNH:9
FNDA:7,_pageFromHash
FNDA:18,_activate
FNDA:55,(anonymous_2)
FNDA:54,(anonymous_3)
FNDA:2,(anonymous_4)
FNDA:15,(anonymous_5)
FNDA:4,(anonymous_6)
FNDA:2,(anonymous_7)
FNDA:3,(anonymous_8)
DA:16,16
DA:20,16
DA:26,7
DA:30,55
DA:31,18
DA:32,54
DA:33,54
DA:36,18
DA:38,18
DA:39,18
DA:40,17
DA:41,17
DA:44,18
DA:49,16
DA:53,2
DA:59,15
DA:60,14
DA:61,14
DA:63,15
DA:69,4
DA:70,4
DA:74,4
DA:75,1
DA:77,3
DA:83,2
DA:84,3
DA:85,3
DA:89,3
DA:92,1
DA:93,1
DA:95,2
LF:31
LH:31
BRDA:26,0,0,7
BRDA:26,0,1,2
BRDA:39,1,0,17
BRDA:39,1,1,1
BRDA:58,2,0,15
BRDA:58,3,0,15
BRDA:59,4,0,14
BRDA:59,4,1,1
BRDA:60,5,0,5
BRDA:60,5,1,9
BRDA:68,6,0,4
BRDA:70,7,0,4
BRDA:70,7,1,3
BRDA:70,7,2,2
BRDA:74,8,0,1
BRDA:74,8,1,3
BRDA:85,9,0,3
BRDA:85,9,1,2
BRDA:85,9,2,2
BRDA:89,10,0,1
BRDA:89,10,1,2
BRF:21
BRH:21
end_of_record
TN:
SF:js/core/store.js
FN:11,(anonymous_0)
FN:13,(anonymous_1)
FN:14,(anonymous_2)
FN:15,(anonymous_3)
FN:20,(anonymous_4)
FN:21,(anonymous_5)
FNF:6
FNH:6
FNDA:18,(anonymous_0)
FNDA:4,(anonymous_1)
FNDA:5,(anonymous_2)
FNDA:13,(anonymous_3)
FNDA:3,(anonymous_4)
FNDA:14,(anonymous_5)
DA:5,1
DA:6,1
DA:8,1
DA:11,18
DA:13,4
DA:14,5
DA:15,13
DA:20,3
DA:21,14
LF:9
LH:9
BRF:0
BRH:0
end_of_record
TN:
SF:js/core/utils.js
FN:11,(anonymous_0)
FN:17,(anonymous_1)
FN:22,(anonymous_2)
FN:23,(anonymous_3)
FN:29,(anonymous_4)
FN:38,(anonymous_5)
FN:40,(anonymous_6)
FN:42,(anonymous_7)
FNF:8
FNH:8
FNDA:5,(anonymous_0)
FNDA:3,(anonymous_1)
FNDA:8,(anonymous_2)
FNDA:12,(anonymous_3)
FNDA:9,(anonymous_4)
FNDA:6,(anonymous_5)
FNDA:16,(anonymous_6)
FNDA:5,(anonymous_7)
DA:7,1
DA:9,1
DA:12,5
DA:13,2
DA:18,3
DA:19,1
DA:23,8
DA:24,12
DA:25,11
DA:26,11
DA:29,9
DA:30,8
DA:31,8
DA:32,8
DA:33,8
DA:40,6
DA:41,16
DA:42,16
LF:18
LH:18
BRDA:12,0,0,3
BRDA:12,0,1,2
BRDA:18,1,0,2
BRDA:18,1,1,1
BRDA:22,2,0,8
BRDA:24,3,0,1
BRDA:24,3,1,11
BRDA:26,4,0,3
BRDA:26,4,1,8
BRDA:26,5,0,11
BRDA:26,5,1,10
BRDA:26,5,2,9
BRDA:38,6,0,6
BRF:13
BRH:13
end_of_record
TN:
SF:js/framework/component.js
FN:22,(anonymous_0)
FN:32,(anonymous_1)
FN:35,(anonymous_2)
FN:38,(anonymous_3)
FN:41,(anonymous_4)
FN:55,(anonymous_5)
FN:63,(anonymous_6)
FN:72,(anonymous_7)
FN:74,(anonymous_8)
FN:83,(anonymous_9)
FN:84,(anonymous_10)
FN:90,(anonymous_11)
FN:97,(anonymous_12)
FN:107,(anonymous_13)
FN:108,(anonymous_14)
FN:110,(anonymous_15)
FNF:16
FNH:15
FNDA:20,(anonymous_0)
FNDA:0,(anonymous_1)
FNDA:16,(anonymous_2)
FNDA:5,(anonymous_3)
FNDA:2,(anonymous_4)
FNDA:17,(anonymous_5)
FNDA:4,(anonymous_6)
FNDA:5,(anonymous_7)
FNDA:1,(anonymous_8)
FNDA:4,(anonymous_9)
FNDA:1,(anonymous_10)
FNDA:2,(anonymous_11)
FNDA:19,(anonymous_12)
FNDA:9,(anonymous_13)
FNDA:2,(anonymous_14)
FNDA:1,(anonymous_15)
DA:23,20
DA:24,20
DA:25,20
DA:26,20
DA:32,0
DA:42,2
DA:43,2
DA:44,2
DA:45,2
DA:46,2
DA:47,2
DA:48,2
DA:49,2
DA:56,17
DA:57,17
DA:58,17
DA:59,17
DA:64,4
DA:65,2
DA:66,2
DA:67,2
DA:68,2
DA:73,5
DA:74,5
DA:75,5
DA:76,5
DA:77,5
DA:78,5
DA:79,5
DA:84,4
DA:85,4
DA:86,4
DA:91,2
DA:92,2
DA:98,19
DA:99,19
DA:101,3
DA:108,9
DA:109,2
DA:110,2
DA:111,2
DA:112,2
DA:113,2
DA:115,9
LF:44
LH:43
BRDA:22,0,0,20
BRDA:64,1,0,2
BRDA:64,1,1,2
BRDA:84,2,0,4
BRDA:84,2,1,1
BRF:5
BRH:5
end_of_record
TN:
SF:js/framework/signal.js
FN:13,_schedule
FN:21,_flush
FN:27,(anonymous_2)
FN:32,signal
FN:37,(anonymous_4)
FN:38,(anonymous_5)
FN:38,(anonymous_6)
FN:39,(anonymous_7)
FN:40,(anonymous_8)
FN:40,(anonymous_9)
FN:45,computed
FN:47,(anonymous_11)
FN:47,(anonymous_12)
FN:48,(anonymous_13)
FN:48,(anonymous_14)
FN:59,effect
FN:61,(anonymous_16)
FN:61,(anonymous_17)
FN:62,(anonymous_18)
FN:62,(anonymous_19)
FNF:20
FNH:20
FNDA:38,_schedule
FNDA:31,_flush
FNDA:33,(anonymous_2)
FNDA:33,signal
FNDA:52,(anonymous_4)
FNDA:75,(anonymous_5)
FNDA:38,(anonymous_6)
FNDA:1,(anonymous_7)
FNDA:24,(anonymous_8)
FNDA:6,(anonymous_9)
FNDA:6,computed
FNDA:7,(anonymous_11)
FNDA:21,(anonymous_12)
FNDA:9,(anonymous_13)
FNDA:1,(anonymous_14)
FNDA:4,effect
FNDA:4,(anonymous_16)
FNDA:2,(anonymous_17)
FNDA:1,(anonymous_18)
FNDA:1,(anonymous_19)
DA:10,3
DA:11,3
DA:14,38
DA:15,38
DA:16,31
DA:17,31
DA:22,31
DA:25,31
DA:26,31
DA:27,33
DA:33,33
DA:34,33
DA:36,33
DA:37,52
DA:38,75
DA:39,1
DA:40,24
DA:46,6
DA:47,21
DA:48,9
DA:60,4
DA:61,4
DA:62,4
LF:23
LH:23
BRDA:15,0,0,31
BRDA:15,0,1,7
BRF:2
BRH:2
end_of_record
TN:
SF:js/ui/modal.js
FN:5,(anonymous_0)
FN:12,(anonymous_1)
FN:18,(anonymous_2)
FN:24,(anonymous_3)
FN:45,(anonymous_4)
FN:53,(anonymous_5)
FN:57,(anonymous_6)
FNF:7
FNH:7
FNDA:12,(anonymous_0)
FNDA:7,(anonymous_1)
FNDA:5,(anonymous_2)
FNDA:6,(anonymous_3)
FNDA:1,(anonymous_4)
FNDA:1,(anonymous_5)
FNDA:1,(anonymous_6)
DA:4,1
DA:6,12
DA:7,12
DA:8,12
DA:9,12
DA:10,12
DA:12,12
DA:13,7
DA:15,12
DA:19,5
DA:25,6
DA:27,6
DA:28,6
DA:29,6
DA:30,6
DA:32,6
DA:33,6
DA:35,6
DA:36,6
DA:37,6
DA:38,6
DA:39,6
DA:41,6
DA:42,6
DA:43,6
DA:44,6
DA:45,6
DA:47,6
DA:48,6
DA:49,6
DA:54,1
DA:55,1
DA:57,1
DA:58,1
LF:34
LH:34
BRDA:24,0,0,6
BRDA:58,1,0,0
BRDA:58,1,1,1
BRF:3
BRH:2
end_of_record
TN:
SF:js/ui/states.js
FN:4,loadingEl
FN:11,emptyStateEl
FN:23,errorStateEl
FNF:3
FNH:3
FNDA:2,loadingEl
FNDA:5,emptyStateEl
FNDA:2,errorStateEl
DA:5,2
DA:6,2
DA:7,2
DA:8,2
DA:12,5
DA:13,5
DA:14,5
DA:15,3
DA:19,5
DA:20,5
DA:24,2
DA:25,2
DA:26,2
DA:27,2
DA:28,2
DA:29,2
LF:16
LH:16
BRDA:14,0,0,3
BRDA:14,0,1,2
BRF:2
BRH:2
end_of_record
TN:
SF:js/ui/toast.js
FN:3,(anonymous_0)
FN:8,(anonymous_1)
FN:10,(anonymous_2)
FN:11,(anonymous_3)
FN:12,(anonymous_4)
FNF:5
FNH:5
FNDA:10,(anonymous_0)
FNDA:1,(anonymous_1)
FNDA:1,(anonymous_2)
FNDA:1,(anonymous_3)
FNDA:1,(anonymous_4)
DA:2,1
DA:4,10
DA:5,10
DA:6,10
DA:7,10
DA:8,10
DA:10,1
DA:11,1
DA:12,1
LF:9
LH:9
BRDA:3,0,0,10
BRF:1
BRH:1
end_of_record
