TN:
SF:src/app.js
FN:18,(anonymous_0)
FN:24,(anonymous_1)
FN:32,(anonymous_2)
FNF:3
FNH:0
FNDA:0,(anonymous_0)
FNDA:0,(anonymous_1)
FNDA:0,(anonymous_2)
DA:1,0
DA:2,0
DA:3,0
DA:4,0
DA:5,0
DA:7,0
DA:9,0
DA:10,0
DA:12,0
DA:13,0
DA:14,0
DA:15,0
DA:16,0
DA:18,0
DA:19,0
DA:22,0
DA:23,0
DA:24,0
DA:25,0
DA:32,0
DA:33,0
DA:34,0
DA:36,0
DA:37,0
DA:40,0
LF:25
LH:0
BRDA:9,0,0,0
BRDA:9,0,1,0
BRDA:22,1,0,0
BRDA:22,1,1,0
BRDA:33,2,0,0
BRDA:33,2,1,0
BRF:6
BRH:0
end_of_record
TN:
SF:src/controllers/authController.js
FN:6,signToken
FN:14,register
FN:27,login
FN:43,me
FNF:4
FNH:4
FNDA:4,signToken
FNDA:5,register
FNDA:4,login
FNDA:2,me
DA:1,1
DA:2,1
DA:3,1
DA:4,1
DA:7,4
DA:15,5
DA:16,5
DA:18,4
DA:20,3
DA:21,3
DA:22,3
DA:24,3
DA:28,4
DA:29,4
DA:31,3
DA:32,3
DA:34,2
DA:35,2
DA:37,1
DA:44,2
DA:45,2
DA:46,1
DA:49,1
LF:23
LH:23
BRDA:10,0,0,4
BRDA:10,0,1,4
BRDA:16,1,0,1
BRDA:16,1,1,4
BRDA:16,2,0,5
BRDA:16,2,1,5
BRDA:16,2,2,4
BRDA:18,3,0,1
BRDA:18,3,1,3
BRDA:21,4,0,1
BRDA:21,4,1,2
BRDA:29,5,0,1
BRDA:29,5,1,3
BRDA:29,6,0,4
BRDA:29,6,1,4
BRDA:32,7,0,1
BRDA:32,7,1,2
BRDA:35,8,0,1
BRDA:35,8,1,1
BRDA:45,9,0,1
BRDA:45,9,1,1
BRF:21
BRH:21
end_of_record
TN:
SF:src/controllers/connectionController.js
FN:6,list
FN:10,create
FN:22,test
FN:30,update
FN:44,remove
FNF:5
FNH:5
FNDA:1,list
FNDA:4,create
FNDA:2,test
FNDA:3,update
FNDA:2,remove
DA:1,1
DA:2,1
DA:3,1
DA:4,1
DA:7,1
DA:11,4
DA:12,4
DA:14,3
DA:15,3
DA:19,3
DA:23,2
DA:24,2
DA:26,1
DA:27,1
DA:31,3
DA:32,3
DA:34,2
DA:36,2
DA:38,2
DA:41,2
DA:45,2
DA:46,2
DA:48,1
DA:49,1
DA:52,1
LF:25
LH:25
BRDA:12,0,0,1
BRDA:12,0,1,3
BRDA:12,1,0,4
BRDA:12,1,1,4
BRDA:14,2,0,1
BRDA:14,2,1,2
BRDA:24,3,0,1
BRDA:24,3,1,1
BRDA:32,4,0,1
BRDA:32,4,1,2
BRDA:36,5,0,1
BRDA:36,5,1,1
BRDA:46,6,0,1
BRDA:46,6,1,1
BRF:14
BRH:14
end_of_record
TN:
SF:src/controllers/dashboardController.js
FN:4,list
FN:8,findOne
FN:14,create
FN:22,update
FN:29,remove
FN:36,addWidget
FN:42,updateWidget
FN:48,removeWidget
FNF:8
FNH:8
FNDA:1,list
FNDA:2,findOne
FNDA:3,create
FNDA:2,update
FNDA:2,remove
FNDA:2,addWidget
FNDA:2,updateWidget
FNDA:1,removeWidget
DA:1,1
DA:2,1
DA:5,1
DA:9,2
DA:10,2
DA:11,1
DA:15,3
DA:16,3
DA:18,2
DA:19,2
DA:23,2
DA:24,2
DA:25,2
DA:26,1
DA:30,2
DA:31,2
DA:32,1
DA:33,1
DA:37,2
DA:38,1
DA:39,1
DA:43,2
DA:44,2
DA:45,1
DA:49,1
DA:50,1
DA:53,1
LF:27
LH:27
BRDA:10,0,0,1
BRDA:10,0,1,1
BRDA:16,1,0,1
BRDA:16,1,1,2
BRDA:25,2,0,1
BRDA:25,2,1,1
BRDA:31,3,0,1
BRDA:31,3,1,1
BRDA:37,4,0,1
BRDA:37,4,1,1
BRDA:44,5,0,1
BRDA:44,5,1,1
BRF:12
BRH:12
end_of_record
TN:
SF:src/controllers/queryController.js
FN:6,list
FN:10,findOne
FN:16,runAdHoc
FN:28,create
FN:38,update
FN:45,remove
FN:52,runSaved
FNF:7
FNH:7
FNDA:1,list
FNDA:2,findOne
FNDA:3,runAdHoc
FNDA:2,create
FNDA:2,update
FNDA:2,remove
FNDA:2,runSaved
DA:1,1
DA:2,1
DA:3,1
DA:4,1
DA:7,1
DA:11,2
DA:12,2
DA:13,1
DA:17,3
DA:18,3
DA:20,2
DA:21,2
DA:23,1
DA:24,1
DA:25,1
DA:29,2
DA:30,2
DA:31,1
DA:34,1
DA:35,1
DA:39,2
DA:40,2
DA:41,2
DA:42,1
DA:46,2
DA:47,2
DA:48,1
DA:49,1
DA:53,2
DA:54,2
DA:57,1
DA:63,1
DA:64,1
DA:65,1
DA:68,1
LF:35
LH:35
BRDA:12,0,0,1
BRDA:12,0,1,1
BRDA:18,1,0,1
BRDA:18,1,1,2
BRDA:18,2,0,3
BRDA:18,2,1,2
BRDA:21,3,0,1
BRDA:21,3,1,1
BRDA:30,4,0,1
BRDA:30,4,1,1
BRDA:30,5,0,2
BRDA:30,5,1,2
BRDA:30,5,2,1
BRDA:41,6,0,1
BRDA:41,6,1,1
BRDA:47,7,0,1
BRDA:47,7,1,1
BRDA:54,8,0,1
BRDA:54,8,1,1
BRF:19
BRH:19
end_of_record
TN:
SF:src/controllers/scheduleController.js
FN:6,list
FN:10,create
FN:24,update
FN:35,remove
FN:41,run
FNF:5
FNH:5
FNDA:1,list
FNDA:3,create
FNDA:4,update
FNDA:1,remove
FNDA:2,run
DA:1,1
DA:2,1
DA:3,1
DA:4,1
DA:7,1
DA:11,3
DA:12,3
DA:13,1
DA:15,2
DA:17,1
DA:20,1
DA:21,1
DA:25,4
DA:26,4
DA:28,3
DA:29,3
DA:31,2
DA:32,2
DA:36,1
DA:37,1
DA:38,1
DA:42,2
DA:43,2
DA:45,1
DA:46,1
DA:49,1
LF:26
LH:26
BRDA:12,0,0,1
BRDA:12,0,1,2
BRDA:12,1,0,3
BRDA:12,1,1,3
BRDA:12,1,2,2
BRDA:12,1,3,2
BRDA:15,2,0,1
BRDA:15,2,1,1
BRDA:26,3,0,1
BRDA:26,3,1,3
BRDA:26,4,0,4
BRDA:26,4,1,1
BRDA:29,5,0,1
BRDA:29,5,1,2
BRDA:31,6,0,1
BRDA:31,6,1,1
BRDA:43,7,0,1
BRDA:43,7,1,1
BRF:18
BRH:18
end_of_record
TN:
SF:src/db/index.js
FN:10,(anonymous_0)
FN:14,query
FN:24,migrate
FNF:3
FNH:0
FNDA:0,(anonymous_0)
FNDA:0,query
FNDA:0,migrate
DA:1,12
DA:2,12
DA:3,12
DA:5,12
DA:10,12
DA:11,0
DA:15,0
DA:16,0
DA:17,0
DA:18,0
DA:19,0
DA:21,0
DA:25,0
DA:26,0
DA:27,0
DA:30,12
LF:16
LH:6
BRDA:7,0,0,0
BRDA:7,0,1,12
BRDA:18,1,0,0
BRDA:18,1,1,0
BRF:4
BRH:1
end_of_record
TN:
SF:src/errors/AppError.js
FN:6,(anonymous_0)
FN:15,(anonymous_1)
FN:19,(anonymous_2)
FN:23,(anonymous_3)
FN:27,(anonymous_4)
FN:31,(anonymous_5)
FNF:6
FNH:6
FNDA:45,(anonymous_0)
FNDA:13,(anonymous_1)
FNDA:5,(anonymous_2)
FNDA:2,(anonymous_3)
FNDA:17,(anonymous_4)
FNDA:3,(anonymous_5)
DA:7,45
DA:8,45
DA:9,45
DA:10,45
DA:15,13
DA:19,5
DA:23,2
DA:27,17
DA:31,3
DA:34,6
LF:10
LH:10
BRDA:6,0,0,4
BRDA:19,1,0,2
BRDA:23,2,0,2
BRDA:27,3,0,0
BRF:4
BRH:3
end_of_record
TN:
SF:src/middleware/asyncHandler.js
FN:9,(anonymous_0)
FN:9,(anonymous_1)
FNF:2
FNH:2
FNDA:5,(anonymous_0)
FNDA:5,(anonymous_1)
DA:9,5
DA:10,5
DA:11,5
DA:13,1
DA:17,1
LF:5
LH:5
BRF:0
BRH:0
end_of_record
TN:
SF:src/middleware/auth.js
FN:3,authenticate
FN:19,requireRole
FN:20,(anonymous_2)
FNF:3
FNH:3
FNDA:5,authenticate
FNDA:3,requireRole
FNDA:3,(anonymous_2)
DA:1,1
DA:4,5
DA:5,5
DA:6,2
DA:9,3
DA:10,3
DA:11,3
DA:12,1
DA:13,1
DA:15,2
DA:20,3
DA:21,3
DA:22,1
DA:24,2
DA:28,1
LF:15
LH:15
BRDA:5,0,0,2
BRDA:5,0,1,3
BRDA:5,1,0,5
BRDA:5,1,1,4
BRDA:21,2,0,1
BRDA:21,2,1,2
BRF:6
BRH:6
end_of_record
TN:
SF:src/repositories/connectionRepository.js
FN:3,findAll
FN:11,findById
FN:16,create
FN:27,update
FN:39,remove
FNF:5
FNH:5
FNDA:1,findAll
FNDA:2,findById
FNDA:2,create
FNDA:2,update
FNDA:1,remove
DA:1,3
DA:4,1
DA:8,1
DA:12,2
DA:13,2
DA:17,2
DA:24,2
DA:28,2
DA:36,2
DA:40,1
DA:43,3
LF:11
LH:11
BRDA:13,0,0,2
BRDA:13,0,1,1
BRDA:21,1,0,2
BRDA:21,1,1,1
BRDA:21,2,0,2
BRDA:21,2,1,1
BRDA:21,3,0,2
BRDA:21,3,1,1
BRDA:21,4,0,2
BRDA:21,4,1,1
BRDA:22,5,0,2
BRDA:22,5,1,1
BRDA:36,6,0,2
BRDA:36,6,1,1
BRF:14
BRH:14
end_of_record
TN:
SF:src/repositories/dashboardRepository.js
FN:3,findAll
FN:14,findById
FN:22,findWithWidgets
FN:39,create
FN:47,update
FN:56,remove
FN:60,addWidget
FN:70,updateWidget
FN:80,removeWidget
FNF:9
FNH:9
FNDA:1,findAll
FNDA:2,findById
FNDA:3,findWithWidgets
FNDA:1,create
FNDA:2,update
FNDA:1,remove
FNDA:2,addWidget
FNDA:2,updateWidget
FNDA:1,removeWidget
DA:1,2
DA:4,1
DA:11,1
DA:15,2
DA:16,2
DA:23,3
DA:35,3
DA:36,1
DA:40,1
DA:44,1
DA:48,2
DA:53,2
DA:57,1
DA:61,2
DA:67,2
DA:71,2
DA:77,2
DA:81,1
DA:84,2
LF:19
LH:19
BRDA:16,0,0,2
BRDA:16,0,1,1
BRDA:35,1,0,2
BRDA:35,1,1,1
BRDA:42,2,0,1
BRDA:42,2,1,1
BRDA:51,3,0,2
BRDA:51,3,1,0
BRDA:53,4,0,2
BRDA:53,4,1,1
BRDA:64,5,0,2
BRDA:64,5,1,1
BRDA:64,6,0,2
BRDA:64,6,1,1
BRDA:65,7,0,2
BRDA:65,7,1,1
BRDA:65,8,0,2
BRDA:65,8,1,1
BRDA:74,9,0,2
BRDA:74,9,1,1
BRDA:74,10,0,2
BRDA:74,10,1,1
BRDA:77,11,0,2
BRDA:77,11,1,1
BRF:24
BRH:23
end_of_record
TN:
SF:src/repositories/queryRepository.js
FN:3,findAll
FN:14,findById
FN:28,findWithConnection
FN:39,create
FN:48,update
FN:58,remove
FNF:6
FNH:6
FNDA:1,findAll
FNDA:2,findById
FNDA:2,findWithConnection
FNDA:1,create
FNDA:2,update
FNDA:1,remove
DA:1,2
DA:4,1
DA:11,1
DA:15,2
DA:22,2
DA:29,2
DA:36,2
DA:40,1
DA:45,1
DA:49,2
DA:55,2
DA:59,1
DA:62,2
LF:13
LH:13
BRDA:22,0,0,2
BRDA:22,0,1,1
BRDA:36,1,0,2
BRDA:36,1,1,1
BRDA:43,2,0,1
BRDA:43,2,1,1
BRDA:55,3,0,2
BRDA:55,3,1,1
BRF:8
BRH:8
end_of_record
TN:
SF:src/repositories/scheduleRepository.js
FN:3,findAll
FN:14,findById
FN:25,findAllActive
FN:39,findWidgetsForDashboard
FN:51,create
FN:60,update
FN:70,remove
FN:74,markLastRun
FNF:8
FNH:8
FNDA:1,findAll
FNDA:2,findById
FNDA:1,findAllActive
FNDA:1,findWidgetsForDashboard
FNDA:2,create
FNDA:2,update
FNDA:1,remove
FNDA:1,markLastRun
DA:1,3
DA:4,1
DA:11,1
DA:15,2
DA:22,2
DA:26,1
DA:32,1
DA:40,1
DA:48,1
DA:52,2
DA:57,2
DA:61,2
DA:67,2
DA:71,1
DA:75,1
DA:78,3
LF:16
LH:16
BRDA:22,0,0,2
BRDA:22,0,1,1
BRDA:55,1,0,2
BRDA:55,1,1,1
BRDA:67,2,0,2
BRDA:67,2,1,1
BRF:6
BRH:6
end_of_record
TN:
SF:src/repositories/userRepository.js
FN:3,findByEmail
FN:8,findById
FN:16,countAll
FN:21,create
FNF:4
FNH:4
FNDA:2,findByEmail
FNDA:2,findById
FNDA:2,countAll
FNDA:1,create
DA:1,2
DA:4,2
DA:5,2
DA:9,2
DA:13,2
DA:17,2
DA:18,2
DA:22,1
DA:26,1
DA:29,2
LF:10
LH:10
BRDA:5,0,0,2
BRDA:5,0,1,1
BRDA:13,1,0,2
BRDA:13,1,1,1
BRF:4
BRH:4
end_of_record
TN:
SF:src/routes/auth.js
FNF:0
FNH:0
DA:1,0
DA:2,0
DA:3,0
DA:4,0
DA:6,0
DA:7,0
DA:8,0
DA:10,0
LF:8
LH:0
BRF:0
BRH:0
end_of_record
TN:
SF:src/routes/connections.js
FNF:0
FNH:0
DA:1,0
DA:2,0
DA:3,0
DA:4,0
DA:6,0
DA:8,0
DA:9,0
DA:10,0
DA:11,0
DA:12,0
DA:14,0
LF:11
LH:0
BRF:0
BRH:0
end_of_record
TN:
SF:src/routes/dashboards.js
FNF:0
FNH:0
DA:1,0
DA:2,0
DA:3,0
DA:4,0
DA:6,0
DA:8,0
DA:9,0
DA:10,0
DA:11,0
DA:12,0
DA:13,0
DA:14,0
DA:15,0
DA:17,0
LF:14
LH:0
BRF:0
BRH:0
end_of_record
TN:
SF:src/routes/queries.js
FNF:0
FNH:0
DA:1,0
DA:2,0
DA:3,0
DA:4,0
DA:6,0
DA:9,0
DA:11,0
DA:12,0
DA:13,0
DA:14,0
DA:15,0
DA:16,0
DA:18,0
LF:13
LH:0
BRF:0
BRH:0
end_of_record
TN:
SF:src/routes/schedules.js
FNF:0
FNH:0
DA:1,0
DA:2,0
DA:3,0
DA:4,0
DA:6,0
DA:8,0
DA:9,0
DA:10,0
DA:11,0
DA:12,0
DA:14,0
LF:11
LH:0
BRF:0
BRH:0
end_of_record
TN:
SF:src/services/crypto.js
FN:5,(anonymous_0)
FN:11,encrypt
FN:18,decrypt
FNF:3
FNH:3
FNDA:6,(anonymous_0)
FNDA:7,encrypt
FNDA:4,decrypt
DA:1,6
DA:3,6
DA:5,6
DA:6,6
DA:7,6
DA:8,6
DA:12,7
DA:13,7
DA:14,7
DA:15,7
DA:19,4
DA:20,4
DA:21,4
DA:22,4
DA:23,4
DA:26,6
LF:16
LH:16
BRDA:7,0,0,6
BRDA:7,0,1,4
BRF:2
BRH:2
end_of_record
TN:
SF:src/services/emailer.js
FN:5,getTransporter
FN:20,sendReport
FN:41,resultsToCsv
FN:43,(anonymous_3)
FN:44,(anonymous_4)
FNF:5
FNH:5
FNDA:5,getTransporter
FNDA:5,sendReport
FNDA:6,resultsToCsv
FNDA:6,(anonymous_3)
FNDA:9,(anonymous_4)
DA:1,3
DA:6,5
DA:7,1
DA:17,5
DA:21,5
DA:22,5
DA:24,5
DA:25,1
DA:32,5
DA:42,6
DA:43,6
DA:44,6
DA:45,9
DA:46,7
DA:47,7
DA:52,6
DA:55,3
LF:17
LH:17
BRDA:6,0,0,1
BRDA:6,0,1,4
BRDA:9,1,0,1
BRDA:9,1,1,1
BRDA:24,2,0,1
BRDA:24,2,1,4
BRDA:34,3,0,2
BRDA:34,3,1,3
BRDA:45,4,0,2
BRDA:45,4,1,7
BRDA:45,5,0,9
BRDA:45,5,1,8
BRDA:47,6,0,3
BRDA:47,6,1,4
BRDA:47,7,0,7
BRDA:47,7,1,6
BRDA:47,7,2,5
BRF:17
BRH:17
end_of_record
TN:
SF:src/services/queryRunner.js
FN:7,runQuery
FN:21,runPostgres
FN:43,runMysql
FN:64,runSqlite
FN:71,(anonymous_4)
FN:78,formatResult
FN:79,(anonymous_6)
FN:82,(anonymous_7)
FN:84,(anonymous_8)
FNF:9
FNH:9
FNDA:9,runQuery
FNDA:3,runPostgres
FNDA:3,runMysql
FNDA:2,runSqlite
FNDA:2,(anonymous_4)
FNDA:6,formatResult
FNDA:7,(anonymous_6)
FNDA:5,(anonymous_7)
FNDA:7,(anonymous_8)
DA:1,5
DA:8,9
DA:10,9
DA:11,3
DA:12,6
DA:13,3
DA:14,3
DA:15,2
DA:17,1
DA:22,3
DA:23,3
DA:24,3
DA:34,3
DA:35,3
DA:36,3
DA:37,2
DA:39,3
DA:44,3
DA:45,3
DA:46,3
DA:56,3
DA:57,3
DA:58,2
DA:60,3
DA:65,2
DA:67,2
DA:68,2
DA:69,2
DA:70,2
DA:71,2
DA:72,2
DA:74,2
DA:79,7
DA:80,6
DA:83,5
DA:84,7
DA:90,5
LF:37
LH:37
BRDA:10,0,0,3
BRDA:10,0,1,6
BRDA:12,1,0,3
BRDA:12,1,1,3
BRDA:14,2,0,2
BRDA:14,2,1,1
BRDA:23,3,0,0
BRDA:23,3,1,3
BRDA:26,4,0,3
BRDA:26,4,1,0
BRDA:30,5,0,0
BRDA:30,5,1,3
BRDA:45,6,0,0
BRDA:45,6,1,3
BRDA:48,7,0,3
BRDA:48,7,1,0
BRDA:52,8,0,0
BRDA:52,8,1,3
BRDA:71,9,0,1
BRDA:71,9,1,1
BRDA:79,10,0,7
BRDA:79,10,1,0
BRDA:83,11,0,0
BRDA:83,11,1,5
BRF:24
BRH:16
end_of_record
TN:
SF:src/services/scheduler.js
FN:9,loadAndStartAll
FN:17,startSchedule
FN:26,(anonymous_2)
FN:30,stopSchedule
FN:38,runSchedule
FN:76,escapeHtml
FN:85,buildHtmlTable
FN:87,(anonymous_7)
FN:90,(anonymous_8)
FN:91,(anonymous_9)
FNF:10
FNH:9
FNDA:2,loadAndStartAll
FNDA:7,startSchedule
FNDA:0,(anonymous_2)
FNDA:9,stopSchedule
FNDA:8,runSchedule
FNDA:26,escapeHtml
FNDA:6,buildHtmlTable
FNDA:5,(anonymous_7)
FNDA:5,(anonymous_8)
FNDA:5,(anonymous_9)
DA:1,2
DA:2,2
DA:3,2
DA:4,2
DA:7,2
DA:10,2
DA:11,2
DA:12,2
DA:14,2
DA:19,7
DA:21,7
DA:22,1
DA:23,1
DA:26,6
DA:27,6
DA:31,9
DA:32,9
DA:33,2
DA:34,2
DA:39,8
DA:40,8
DA:41,8
DA:43,8
DA:44,8
DA:46,8
DA:47,7
DA:48,7
DA:49,7
DA:50,6
DA:51,6
DA:53,1
DA:57,8
DA:67,8
DA:68,8
DA:70,0
DA:77,26
DA:78,26
DA:86,6
DA:87,5
DA:89,6
DA:91,5
DA:95,6
DA:103,2
LF:43
LH:42
BRDA:21,0,0,1
BRDA:21,0,1,6
BRDA:32,1,0,2
BRDA:32,1,1,7
BRDA:43,2,0,8
BRDA:43,2,1,0
BRDA:47,3,0,7
BRDA:47,3,1,0
BRDA:77,4,0,0
BRDA:77,4,1,26
BRF:10
BRH:7
end_of_record
